src/components/sections/FormationSection.tsx(3,20): error TS2307: Cannot find module '@/components/Button' or its corresponding type declarations.
src/components/ui/ProjectsNav.tsx(6,25): error TS2307: Cannot find module './ui/ThemeToggle' or its corresponding type declarations.
src/components/ui/ProjectsNav.tsx(7,30): error TS2307: Cannot find module './LanguageSelector' or its corresponding type declarations.
